2025-03-17 20:40:27,161 - INFO - Logging setup successfully.
2025-03-17 20:44:36,839 - INFO - Logging setup successfully.
2025-03-17 20:46:12,207 - INFO - Logging setup successfully.
2025-03-17 20:46:12,323 - INFO - _init_db();mongo_uri=mongodb://localhost:27017
2025-03-17 20:46:12,324 - INFO - _init_db();mongo_database=accounting
2025-03-17 20:46:12,399 - INFO - _init_db();MongoDB connected successfully.
2025-03-17 20:46:12,400 - INFO - Initialize Database
2025-03-17 20:46:13,131 - INFO - Logging setup successfully.
2025-03-17 20:46:13,234 - INFO - _init_db();mongo_uri=mongodb://localhost:27017
2025-03-17 20:46:13,270 - INFO - _init_db();mongo_database=accounting
2025-03-17 20:46:13,320 - INFO - _init_db();MongoDB connected successfully.
2025-03-17 20:46:13,320 - INFO - Initialize Database
2025-03-17 20:46:26,243 - INFO - get_users()
2025-03-17 20:52:58,095 - INFO - Logging setup successfully.
2025-03-17 20:52:58,255 - INFO - _init_db();mongo_uri=mongodb://localhost:27017
2025-03-17 20:52:58,255 - INFO - _init_db();mongo_database=school
2025-03-17 20:52:58,268 - INFO - _init_db();MongoDB connected successfully.
2025-03-17 20:52:58,269 - INFO - Initialize Database
2025-03-17 20:52:58,981 - INFO - Logging setup successfully.
2025-03-17 20:52:59,103 - INFO - _init_db();mongo_uri=mongodb://localhost:27017
2025-03-17 20:52:59,103 - INFO - _init_db();mongo_database=school
2025-03-17 20:52:59,152 - INFO - _init_db();MongoDB connected successfully.
2025-03-17 20:52:59,152 - INFO - Initialize Database
2025-03-17 20:54:55,626 - INFO - Logging setup successfully.
2025-03-17 20:54:55,826 - INFO - _init_db();mongo_uri=mongodb://localhost:27017
2025-03-17 20:54:55,826 - INFO - _init_db();mongo_database=school
2025-03-17 20:54:56,110 - INFO - _init_db();MongoDB connected successfully.
2025-03-17 20:54:56,110 - INFO - Initialize Database
2025-03-17 20:56:01,022 - INFO - Logging setup successfully.
2025-03-17 20:56:01,239 - INFO - _init_db();mongo_uri=mongodb://localhost:27017
2025-03-17 20:56:01,239 - INFO - _init_db();mongo_database=school
2025-03-17 20:56:01,272 - INFO - _init_db();MongoDB connected successfully.
2025-03-17 20:56:01,273 - INFO - Initialize Database
2025-03-17 21:00:05,317 - INFO - Logging setup successfully.
2025-03-17 21:01:16,554 - INFO - Logging setup successfully.
2025-03-17 21:01:16,764 - INFO - _init_db();mongo_uri=mongodb://localhost:27017
2025-03-17 21:01:16,764 - INFO - _init_db();mongo_database=school
2025-03-17 21:01:16,796 - INFO - _init_db();MongoDB connected successfully.
2025-03-17 21:01:16,818 - INFO - Initialize Database
2025-03-17 21:05:35,150 - INFO - Logging setup successfully.
2025-03-17 21:05:35,460 - INFO - _init_db();mongo_uri=mongodb://localhost:27017
2025-03-17 21:05:35,460 - INFO - _init_db();mongo_database=school
2025-03-17 21:05:35,494 - INFO - _init_db();MongoDB connected successfully.
2025-03-17 21:05:35,494 - INFO - Initialize Database
2025-03-17 21:07:17,708 - INFO - Logging setup successfully.
2025-03-17 21:07:17,938 - INFO - _init_db();mongo_uri=mongodb://localhost:27017
2025-03-17 21:07:17,938 - INFO - _init_db();mongo_database=school
2025-03-17 21:07:17,986 - INFO - _init_db();MongoDB connected successfully.
2025-03-17 21:07:17,986 - INFO - Initialize Database
2025-03-17 21:10:19,198 - INFO - Logging setup successfully.
2025-03-17 21:10:19,426 - INFO - _init_db();mongo_uri=mongodb://localhost:27017
2025-03-17 21:10:19,427 - INFO - _init_db();mongo_database=school
2025-03-17 21:10:19,476 - INFO - _init_db();MongoDB connected successfully.
2025-03-17 21:10:19,476 - INFO - Initialize Database
2025-03-17 21:10:36,969 - INFO - Logging setup successfully.
2025-03-17 21:10:37,191 - INFO - _init_db();mongo_uri=mongodb://localhost:27017
2025-03-17 21:10:37,191 - INFO - _init_db();mongo_database=school
2025-03-17 21:10:37,221 - INFO - _init_db();MongoDB connected successfully.
2025-03-17 21:10:37,221 - INFO - Initialize Database
2025-03-17 21:11:54,097 - INFO - Logging setup successfully.
2025-03-17 21:11:54,338 - INFO - _init_db();mongo_uri=mongodb://localhost:27017
2025-03-17 21:11:54,338 - INFO - _init_db();mongo_database=school
2025-03-17 21:11:54,369 - INFO - _init_db();MongoDB connected successfully.
2025-03-17 21:11:54,369 - INFO - Initialize Database
2025-03-17 21:15:18,641 - INFO - Logging setup successfully.
2025-03-17 21:15:19,016 - INFO - _init_db();mongo_uri=mongodb://localhost:27017
2025-03-17 21:15:19,016 - INFO - _init_db();mongo_database=school
2025-03-17 21:15:19,082 - INFO - _init_db();MongoDB connected successfully.
2025-03-17 21:15:19,083 - INFO - Initialize Database
2025-03-17 21:15:26,273 - INFO - Logging setup successfully.
2025-03-17 21:15:26,465 - INFO - _init_db();mongo_uri=mongodb://localhost:27017
2025-03-17 21:15:26,465 - INFO - _init_db();mongo_database=school
2025-03-17 21:15:26,495 - INFO - _init_db();MongoDB connected successfully.
2025-03-17 21:15:26,496 - INFO - Initialize Database
2025-03-17 21:15:46,816 - INFO - Logging setup successfully.
2025-03-17 21:15:47,043 - INFO - _init_db();mongo_uri=mongodb://localhost:27017
2025-03-17 21:15:47,043 - INFO - _init_db();mongo_database=school
2025-03-17 21:15:47,071 - INFO - _init_db();MongoDB connected successfully.
2025-03-17 21:15:47,071 - INFO - Initialize Database
2025-03-17 21:16:34,157 - INFO - Logging setup successfully.
2025-03-17 21:16:34,387 - INFO - _init_db();mongo_uri=mongodb://localhost:27017
2025-03-17 21:16:34,387 - INFO - _init_db();mongo_database=school
2025-03-17 21:16:34,435 - INFO - _init_db();MongoDB connected successfully.
2025-03-17 21:16:34,435 - INFO - Initialize Database
2025-03-17 21:18:39,934 - INFO - Logging setup successfully.
2025-03-17 21:18:40,201 - INFO - _init_db();mongo_uri=mongodb://localhost:27017
2025-03-17 21:18:40,201 - INFO - _init_db();mongo_database=school
2025-03-17 21:18:40,236 - INFO - _init_db();MongoDB connected successfully.
2025-03-17 21:18:40,236 - INFO - Initialize Database
2025-03-17 21:19:33,749 - INFO - add_log();inserted_id=67d891d3fcfd0d4021f488ab
2025-03-17 21:51:19,705 - INFO - Logging setup successfully.
2025-03-17 21:51:20,080 - INFO - _init_db();mongo_uri=mongodb://localhost:27017
2025-03-17 21:51:20,080 - INFO - _init_db();mongo_database=school
2025-03-17 21:51:20,429 - INFO - _init_db();MongoDB connected successfully.
2025-03-17 21:51:20,430 - INFO - Initialize Database
2025-03-17 22:22:59,638 - INFO - Logging setup successfully.
2025-03-17 22:22:59,889 - INFO - _init_db();mongo_uri=mongodb://localhost:27017
2025-03-17 22:22:59,889 - INFO - _init_db();mongo_database=school
2025-03-17 22:22:59,920 - INFO - _init_db();MongoDB connected successfully.
2025-03-17 22:22:59,920 - INFO - Initialize Database
2025-03-17 22:24:20,862 - INFO - get_user();filter={'name': 'victor'}
2025-03-17 22:24:20,872 - INFO - get_user();1.result=[]
2025-03-17 22:24:20,873 - INFO - get_user();returnResult=[]
2025-03-17 22:25:06,049 - INFO - Logging setup successfully.
2025-03-17 22:25:06,309 - INFO - _init_db();mongo_uri=mongodb://localhost:27017
2025-03-17 22:25:06,309 - INFO - _init_db();mongo_database=school
2025-03-17 22:25:06,367 - INFO - _init_db();MongoDB connected successfully.
2025-03-17 22:25:06,367 - INFO - Initialize Database
2025-03-17 22:26:02,020 - INFO - get_user();filter={'name': 'victor'}
2025-03-17 22:26:02,035 - INFO - get_user();1.result=[]
2025-03-17 22:26:02,036 - INFO - get_user();returnResult=[]
2025-03-17 22:27:08,150 - INFO - Logging setup successfully.
2025-03-17 22:27:08,368 - INFO - _init_db();mongo_uri=mongodb://localhost:27017
2025-03-17 22:27:08,368 - INFO - _init_db();mongo_database=school
2025-03-17 22:27:08,421 - INFO - _init_db();MongoDB connected successfully.
2025-03-17 22:27:08,422 - INFO - Initialize Database
2025-03-17 22:29:56,147 - INFO - Logging setup successfully.
2025-03-17 22:29:56,421 - INFO - _init_db();mongo_uri=mongodb://localhost:27017
2025-03-17 22:29:56,422 - INFO - _init_db();mongo_database=school
2025-03-17 22:29:56,459 - INFO - _init_db();MongoDB connected successfully.
2025-03-17 22:29:56,459 - INFO - Initialize Database
2025-03-17 22:31:47,867 - INFO - get_user();filter={'name': 'victor'}
2025-03-17 22:31:47,872 - INFO - get_user();1.result=[]
2025-03-17 22:31:47,872 - INFO - get_user();returnResult=[]
2025-03-17 22:32:06,255 - INFO - add_user();inserted_id=67d8a2e6508bcfcef134ad2c
2025-03-17 22:38:09,436 - INFO - Logging setup successfully.
2025-03-17 22:38:09,745 - INFO - _init_db();mongo_uri=mongodb://localhost:27017
2025-03-17 22:38:09,745 - INFO - _init_db();mongo_database=school
2025-03-17 22:38:09,821 - INFO - _init_db();MongoDB connected successfully.
2025-03-17 22:38:09,821 - INFO - Initialize Database
2025-03-17 22:38:49,762 - INFO - get_user();filter={}
2025-03-17 22:38:49,765 - INFO - get_user();1.result=[{'_id': ObjectId('67d8a2e6508bcfcef134ad2c'), 'name': 'victor', 'password': '$2b$12$K6w12KN7kWFHDvYyM6LlCOPPZkCuzXoo1pWhHcozcau8aIGXeUkU.', 'role': 'admin'}]
2025-03-17 22:38:49,765 - INFO - get_user();returnResult=[{'_id': '67d8a2e6508bcfcef134ad2c', 'name': 'victor', 'password': '$2b$12$K6w12KN7kWFHDvYyM6LlCOPPZkCuzXoo1pWhHcozcau8aIGXeUkU.', 'role': 'admin'}]
2025-03-17 22:46:09,898 - INFO - Logging setup successfully.
2025-03-17 22:46:10,167 - INFO - _init_db();mongo_uri=mongodb://localhost:27017
2025-03-17 22:46:10,167 - INFO - _init_db();mongo_database=school
2025-03-17 22:46:10,446 - INFO - _init_db();MongoDB connected successfully.
2025-03-17 22:46:10,446 - INFO - Initialize Database
2025-03-17 22:47:52,585 - INFO - Logging setup successfully.
2025-03-17 22:47:52,790 - INFO - _init_db();mongo_uri=mongodb://localhost:27017
2025-03-17 22:47:52,791 - INFO - _init_db();mongo_database=school
2025-03-17 22:47:52,817 - INFO - _init_db();MongoDB connected successfully.
2025-03-17 22:47:52,817 - INFO - Initialize Database
2025-03-17 22:48:36,339 - INFO - get_user();filter={'name': 'victor'}
2025-03-17 22:48:36,360 - INFO - get_user();1.result=[{'_id': ObjectId('67d8a2e6508bcfcef134ad2c'), 'name': 'victor', 'password': '$2b$12$K6w12KN7kWFHDvYyM6LlCOPPZkCuzXoo1pWhHcozcau8aIGXeUkU.', 'role': 'admin'}]
2025-03-17 22:48:36,361 - INFO - get_user();returnResult=[{'_id': '67d8a2e6508bcfcef134ad2c', 'name': 'victor', 'password': '$2b$12$K6w12KN7kWFHDvYyM6LlCOPPZkCuzXoo1pWhHcozcau8aIGXeUkU.', 'role': 'admin'}]
2025-03-17 22:49:21,570 - INFO - Logging setup successfully.
2025-03-17 22:49:29,085 - INFO - Logging setup successfully.
2025-03-17 22:49:29,303 - INFO - _init_db();mongo_uri=mongodb://localhost:27017
2025-03-17 22:49:29,303 - INFO - _init_db();mongo_database=school
2025-03-17 22:49:29,358 - INFO - _init_db();MongoDB connected successfully.
2025-03-17 22:49:29,358 - INFO - Initialize Database
2025-03-17 22:50:04,816 - INFO - get_user();filter={'name': 'victor'}
2025-03-17 22:50:04,823 - INFO - get_user();1.result=[{'_id': ObjectId('67d8a2e6508bcfcef134ad2c'), 'name': 'victor', 'password': '$2b$12$K6w12KN7kWFHDvYyM6LlCOPPZkCuzXoo1pWhHcozcau8aIGXeUkU.', 'role': 'admin'}]
2025-03-17 22:50:04,824 - INFO - get_user();returnResult=[{'_id': '67d8a2e6508bcfcef134ad2c', 'name': 'victor', 'password': '$2b$12$K6w12KN7kWFHDvYyM6LlCOPPZkCuzXoo1pWhHcozcau8aIGXeUkU.', 'role': 'admin'}]
2025-03-17 22:51:32,504 - INFO - Logging setup successfully.
2025-03-17 22:51:32,727 - INFO - _init_db();mongo_uri=mongodb://localhost:27017
2025-03-17 22:51:32,727 - INFO - _init_db();mongo_database=school
2025-03-17 22:51:32,769 - INFO - _init_db();MongoDB connected successfully.
2025-03-17 22:51:32,769 - INFO - Initialize Database
2025-03-17 22:52:17,110 - INFO - get_user();filter={'name': 'victor'}
2025-03-17 22:52:17,113 - INFO - get_user();1.result=[{'_id': ObjectId('67d8a2e6508bcfcef134ad2c'), 'name': 'victor', 'password': '$2b$12$K6w12KN7kWFHDvYyM6LlCOPPZkCuzXoo1pWhHcozcau8aIGXeUkU.', 'role': 'admin'}]
2025-03-17 22:52:17,114 - INFO - get_user();returnResult=[{'_id': '67d8a2e6508bcfcef134ad2c', 'name': 'victor', 'password': '$2b$12$K6w12KN7kWFHDvYyM6LlCOPPZkCuzXoo1pWhHcozcau8aIGXeUkU.', 'role': 'admin'}]
2025-03-17 22:53:39,448 - INFO - Logging setup successfully.
2025-03-17 22:53:39,672 - INFO - _init_db();mongo_uri=mongodb://localhost:27017
2025-03-17 22:53:39,672 - INFO - _init_db();mongo_database=school
2025-03-17 22:53:39,725 - INFO - _init_db();MongoDB connected successfully.
2025-03-17 22:53:39,725 - INFO - Initialize Database
2025-03-17 22:54:05,695 - INFO - get_user();filter={'name': 'victor'}
2025-03-17 22:54:05,704 - INFO - get_user();1.result=[{'_id': ObjectId('67d8a2e6508bcfcef134ad2c'), 'name': 'victor', 'password': '$2b$12$K6w12KN7kWFHDvYyM6LlCOPPZkCuzXoo1pWhHcozcau8aIGXeUkU.', 'role': 'admin'}]
2025-03-17 22:54:05,704 - INFO - get_user();returnResult=[{'_id': '67d8a2e6508bcfcef134ad2c', 'name': 'victor', 'password': '$2b$12$K6w12KN7kWFHDvYyM6LlCOPPZkCuzXoo1pWhHcozcau8aIGXeUkU.', 'role': 'admin'}]
2025-03-17 22:55:10,949 - INFO - Logging setup successfully.
2025-03-17 22:55:11,157 - INFO - _init_db();mongo_uri=mongodb://localhost:27017
2025-03-17 22:55:11,157 - INFO - _init_db();mongo_database=school
2025-03-17 22:55:11,211 - INFO - _init_db();MongoDB connected successfully.
2025-03-17 22:55:11,211 - INFO - Initialize Database
2025-03-17 22:55:40,856 - INFO - get_user();filter={'name': 'victor'}
2025-03-17 22:55:40,860 - INFO - get_user();1.result=[{'_id': ObjectId('67d8a2e6508bcfcef134ad2c'), 'name': 'victor', 'password': '$2b$12$K6w12KN7kWFHDvYyM6LlCOPPZkCuzXoo1pWhHcozcau8aIGXeUkU.', 'role': 'admin'}]
2025-03-17 22:55:40,860 - INFO - get_user();returnResult=[{'_id': '67d8a2e6508bcfcef134ad2c', 'name': 'victor', 'password': '$2b$12$K6w12KN7kWFHDvYyM6LlCOPPZkCuzXoo1pWhHcozcau8aIGXeUkU.', 'role': 'admin'}]
2025-03-17 22:56:50,817 - INFO - get_user();filter={'name': 'victor'}
2025-03-17 22:56:50,821 - INFO - get_user();1.result=[{'_id': ObjectId('67d8a2e6508bcfcef134ad2c'), 'name': 'victor', 'password': '$2b$12$K6w12KN7kWFHDvYyM6LlCOPPZkCuzXoo1pWhHcozcau8aIGXeUkU.', 'role': 'admin'}]
2025-03-17 22:56:50,821 - INFO - get_user();returnResult=[{'_id': '67d8a2e6508bcfcef134ad2c', 'name': 'victor', 'password': '$2b$12$K6w12KN7kWFHDvYyM6LlCOPPZkCuzXoo1pWhHcozcau8aIGXeUkU.', 'role': 'admin'}]
2025-03-17 22:57:45,727 - INFO - get_user();filter={'name': 'victor'}
2025-03-17 22:57:45,732 - INFO - get_user();1.result=[{'_id': ObjectId('67d8a2e6508bcfcef134ad2c'), 'name': 'victor', 'password': '$2b$12$K6w12KN7kWFHDvYyM6LlCOPPZkCuzXoo1pWhHcozcau8aIGXeUkU.', 'role': 'admin'}]
2025-03-17 22:57:45,733 - INFO - get_user();returnResult=[{'_id': '67d8a2e6508bcfcef134ad2c', 'name': 'victor', 'password': '$2b$12$K6w12KN7kWFHDvYyM6LlCOPPZkCuzXoo1pWhHcozcau8aIGXeUkU.', 'role': 'admin'}]
2025-03-17 22:58:47,212 - INFO - Logging setup successfully.
2025-03-17 22:58:47,439 - INFO - _init_db();mongo_uri=mongodb://localhost:27017
2025-03-17 22:58:47,439 - INFO - _init_db();mongo_database=school
2025-03-17 22:58:47,466 - INFO - _init_db();MongoDB connected successfully.
2025-03-17 22:58:47,466 - INFO - Initialize Database
2025-03-17 22:58:57,650 - INFO - get_user();filter={'name': 'victor'}
2025-03-17 22:58:57,659 - INFO - get_user();1.result=[{'_id': ObjectId('67d8a2e6508bcfcef134ad2c'), 'name': 'victor', 'password': '$2b$12$K6w12KN7kWFHDvYyM6LlCOPPZkCuzXoo1pWhHcozcau8aIGXeUkU.', 'role': 'admin'}]
2025-03-17 22:58:57,660 - INFO - get_user();returnResult=[{'_id': '67d8a2e6508bcfcef134ad2c', 'name': 'victor', 'password': '$2b$12$K6w12KN7kWFHDvYyM6LlCOPPZkCuzXoo1pWhHcozcau8aIGXeUkU.', 'role': 'admin'}]
2025-03-17 23:44:30,631 - INFO - Logging setup successfully.
2025-03-17 23:44:30,887 - INFO - _init_db();mongo_uri=mongodb://localhost:27017
2025-03-17 23:44:30,888 - INFO - _init_db();mongo_database=school
2025-03-17 23:44:30,943 - INFO - _init_db();MongoDB connected successfully.
2025-03-17 23:44:30,943 - INFO - Initialize Database
2025-03-17 23:45:33,975 - INFO - Logging setup successfully.
2025-03-17 23:45:34,224 - INFO - _init_db();mongo_uri=mongodb://localhost:27017
2025-03-17 23:45:34,225 - INFO - _init_db();mongo_database=school
2025-03-17 23:45:34,279 - INFO - _init_db();MongoDB connected successfully.
2025-03-17 23:45:34,279 - INFO - Initialize Database
2025-03-17 23:48:51,513 - INFO - Logging setup successfully.
2025-03-17 23:48:51,639 - INFO - _init_db();mongo_uri=mongodb://localhost:27017
2025-03-17 23:48:51,639 - INFO - _init_db();mongo_database=school
2025-03-17 23:48:51,653 - INFO - _init_db();MongoDB connected successfully.
2025-03-17 23:48:51,654 - INFO - Initialize Database
2025-03-17 23:48:52,466 - INFO - Logging setup successfully.
2025-03-17 23:48:52,615 - INFO - _init_db();mongo_uri=mongodb://localhost:27017
2025-03-17 23:48:52,615 - INFO - _init_db();mongo_database=school
2025-03-17 23:48:52,628 - INFO - _init_db();MongoDB connected successfully.
2025-03-17 23:48:52,628 - INFO - Initialize Database
2025-03-17 23:51:15,019 - INFO - Logging setup successfully.
2025-03-17 23:51:15,140 - INFO - _init_db();mongo_uri=mongodb://localhost:27017
2025-03-17 23:51:15,140 - INFO - _init_db();mongo_database=school
2025-03-17 23:51:15,154 - INFO - _init_db();MongoDB connected successfully.
2025-03-17 23:51:15,154 - INFO - Initialize Database
2025-03-17 23:51:30,872 - INFO - Logging setup successfully.
2025-03-17 23:51:31,105 - INFO - _init_db();mongo_uri=mongodb://localhost:27017
2025-03-17 23:51:31,105 - INFO - _init_db();mongo_database=school
2025-03-17 23:51:31,155 - INFO - _init_db();MongoDB connected successfully.
2025-03-17 23:51:31,159 - INFO - Initialize Database
2025-03-17 23:55:05,883 - INFO - Logging setup successfully.
2025-03-17 23:55:06,133 - INFO - _init_db();mongo_uri=mongodb://localhost:27017
2025-03-17 23:55:06,133 - INFO - _init_db();mongo_database=school
2025-03-17 23:55:06,175 - INFO - _init_db();MongoDB connected successfully.
2025-03-17 23:55:06,175 - INFO - Initialize Database
